#! /usr/share/iverilog-0.9.7/bin/vvp
:ivl_version "0.9.7 " "(v0_9_6)";
:vpi_time_precision + 0;
:vpi_module "system";
:vpi_module "v2005_math";
:vpi_module "va_math";
S_0x171cf40 .scope module, "test_4_bit" "test_4_bit" 2 3;
 .timescale 0 0;
v0x1749350_0 .var "A", 3 0;
v0x17493d0_0 .var "B", 3 0;
v0x1749450_0 .var "C0", 0 0;
v0x1749520_0 .net "C4", 0 0, L_0x174b280; 1 drivers
RS_0x7fb2fe5bd6a8 .resolv tri, L_0x1749df0, L_0x174a630, L_0x174aee0, L_0x174b640;
v0x17495f0_0 .net8 "S", 3 0, RS_0x7fb2fe5bd6a8; 4 drivers
S_0x170bca0 .scope module, "dut" "four_bit_adder" 2 10, 3 12, S_0x171cf40;
 .timescale 0 0;
v0x1748d80_0 .net "A", 3 0, v0x1749350_0; 1 drivers
v0x1748e40_0 .net "B", 3 0, v0x17493d0_0; 1 drivers
v0x1748ee0_0 .net "C0", 0 0, v0x1749450_0; 1 drivers
v0x1748f60_0 .net "C1", 0 0, L_0x1749a90; 1 drivers
v0x1749060_0 .net "C2", 0 0, L_0x174a290; 1 drivers
v0x1749130_0 .net "C3", 0 0, L_0x174aa20; 1 drivers
v0x1749200_0 .alias "C4", 0 0, v0x1749520_0;
v0x1749280_0 .alias "S", 3 0, v0x17495f0_0;
L_0x1749b90 .part v0x1749350_0, 0, 1;
L_0x1749cc0 .part v0x17493d0_0, 0, 1;
L_0x1749df0 .part/pv L_0x1749730, 0, 1, 4;
L_0x174a3d0 .part v0x1749350_0, 1, 1;
L_0x174a500 .part v0x17493d0_0, 1, 1;
L_0x174a630 .part/pv L_0x1749f90, 1, 1, 4;
L_0x174ab60 .part v0x1749350_0, 2, 1;
L_0x174ad20 .part v0x17493d0_0, 2, 1;
L_0x174aee0 .part/pv L_0x174a770, 2, 1, 4;
L_0x174b380 .part v0x1749350_0, 3, 1;
L_0x174b510 .part v0x17493d0_0, 3, 1;
L_0x174b640 .part/pv L_0x174b070, 3, 1, 4;
S_0x17486b0 .scope module, "fa0" "my_full_adder" 3 21, 3 1, S_0x170bca0;
 .timescale 0 0;
L_0x1749670 .functor XOR 1, L_0x1749b90, L_0x1749cc0, C4<0>, C4<0>;
L_0x1749730 .functor XOR 1, L_0x1749670, v0x1749450_0, C4<0>, C4<0>;
L_0x1749810 .functor AND 1, L_0x1749b90, L_0x1749cc0, C4<1>, C4<1>;
L_0x1749910 .functor XOR 1, L_0x1749b90, L_0x1749cc0, C4<0>, C4<0>;
L_0x1749970 .functor AND 1, v0x1749450_0, L_0x1749910, C4<1>, C4<1>;
L_0x1749a90 .functor OR 1, L_0x1749810, L_0x1749970, C4<0>, C4<0>;
v0x17487a0_0 .net "A", 0 0, L_0x1749b90; 1 drivers
v0x1748860_0 .net "B", 0 0, L_0x1749cc0; 1 drivers
v0x1748900_0 .alias "CIN", 0 0, v0x1748ee0_0;
v0x17489a0_0 .alias "COUT", 0 0, v0x1748f60_0;
v0x1748a50_0 .net "S", 0 0, L_0x1749730; 1 drivers
v0x1748ad0_0 .net *"_s0", 0 0, L_0x1749670; 1 drivers
v0x1748b50_0 .net *"_s4", 0 0, L_0x1749810; 1 drivers
v0x1748bf0_0 .net *"_s6", 0 0, L_0x1749910; 1 drivers
v0x1748ce0_0 .net *"_s8", 0 0, L_0x1749970; 1 drivers
S_0x1747fe0 .scope module, "fa1" "my_full_adder" 3 22, 3 1, S_0x170bca0;
 .timescale 0 0;
L_0x1749f30 .functor XOR 1, L_0x174a3d0, L_0x174a500, C4<0>, C4<0>;
L_0x1749f90 .functor XOR 1, L_0x1749f30, L_0x1749a90, C4<0>, C4<0>;
L_0x174a0d0 .functor AND 1, L_0x174a3d0, L_0x174a500, C4<1>, C4<1>;
L_0x174a180 .functor XOR 1, L_0x174a3d0, L_0x174a500, C4<0>, C4<0>;
L_0x174a1e0 .functor AND 1, L_0x1749a90, L_0x174a180, C4<1>, C4<1>;
L_0x174a290 .functor OR 1, L_0x174a0d0, L_0x174a1e0, C4<0>, C4<0>;
v0x17480d0_0 .net "A", 0 0, L_0x174a3d0; 1 drivers
v0x1748190_0 .net "B", 0 0, L_0x174a500; 1 drivers
v0x1748230_0 .alias "CIN", 0 0, v0x1748f60_0;
v0x17482d0_0 .alias "COUT", 0 0, v0x1749060_0;
v0x1748380_0 .net "S", 0 0, L_0x1749f90; 1 drivers
v0x1748400_0 .net *"_s0", 0 0, L_0x1749f30; 1 drivers
v0x1748480_0 .net *"_s4", 0 0, L_0x174a0d0; 1 drivers
v0x1748520_0 .net *"_s6", 0 0, L_0x174a180; 1 drivers
v0x1748610_0 .net *"_s8", 0 0, L_0x174a1e0; 1 drivers
S_0x1747910 .scope module, "fa2" "my_full_adder" 3 23, 3 1, S_0x170bca0;
 .timescale 0 0;
L_0x174a710 .functor XOR 1, L_0x174ab60, L_0x174ad20, C4<0>, C4<0>;
L_0x174a770 .functor XOR 1, L_0x174a710, L_0x174a290, C4<0>, C4<0>;
L_0x174a860 .functor AND 1, L_0x174ab60, L_0x174ad20, C4<1>, C4<1>;
L_0x174a910 .functor XOR 1, L_0x174ab60, L_0x174ad20, C4<0>, C4<0>;
L_0x174a970 .functor AND 1, L_0x174a290, L_0x174a910, C4<1>, C4<1>;
L_0x174aa20 .functor OR 1, L_0x174a860, L_0x174a970, C4<0>, C4<0>;
v0x1747a00_0 .net "A", 0 0, L_0x174ab60; 1 drivers
v0x1747ac0_0 .net "B", 0 0, L_0x174ad20; 1 drivers
v0x1747b60_0 .alias "CIN", 0 0, v0x1749060_0;
v0x1747c00_0 .alias "COUT", 0 0, v0x1749130_0;
v0x1747cb0_0 .net "S", 0 0, L_0x174a770; 1 drivers
v0x1747d30_0 .net *"_s0", 0 0, L_0x174a710; 1 drivers
v0x1747db0_0 .net *"_s4", 0 0, L_0x174a860; 1 drivers
v0x1747e50_0 .net *"_s6", 0 0, L_0x174a910; 1 drivers
v0x1747f40_0 .net *"_s8", 0 0, L_0x174a970; 1 drivers
S_0x171ca00 .scope module, "fa3" "my_full_adder" 3 24, 3 1, S_0x170bca0;
 .timescale 0 0;
L_0x174b010 .functor XOR 1, L_0x174b380, L_0x174b510, C4<0>, C4<0>;
L_0x174b070 .functor XOR 1, L_0x174b010, L_0x174aa20, C4<0>, C4<0>;
L_0x174b160 .functor AND 1, L_0x174b380, L_0x174b510, C4<1>, C4<1>;
L_0x174b1c0 .functor XOR 1, L_0x174b380, L_0x174b510, C4<0>, C4<0>;
L_0x174b220 .functor AND 1, L_0x174aa20, L_0x174b1c0, C4<1>, C4<1>;
L_0x174b280 .functor OR 1, L_0x174b160, L_0x174b220, C4<0>, C4<0>;
v0x171e7f0_0 .net "A", 0 0, L_0x174b380; 1 drivers
v0x1747370_0 .net "B", 0 0, L_0x174b510; 1 drivers
v0x1747410_0 .alias "CIN", 0 0, v0x1749130_0;
v0x17474b0_0 .alias "COUT", 0 0, v0x1749520_0;
v0x1747560_0 .net "S", 0 0, L_0x174b070; 1 drivers
v0x1747600_0 .net *"_s0", 0 0, L_0x174b010; 1 drivers
v0x17476e0_0 .net *"_s4", 0 0, L_0x174b160; 1 drivers
v0x1747780_0 .net *"_s6", 0 0, L_0x174b1c0; 1 drivers
v0x1747870_0 .net *"_s8", 0 0, L_0x174b220; 1 drivers
    .scope S_0x171cf40;
T_0 ;
    %delay 10, 0;
    %movi 8, 3, 4;
    %set/v v0x1749350_0, 8, 4;
    %movi 8, 3, 4;
    %set/v v0x17493d0_0, 8, 4;
    %set/v v0x1749450_0, 0, 1;
    %delay 10, 0;
    %movi 8, 11, 4;
    %set/v v0x1749350_0, 8, 4;
    %movi 8, 7, 4;
    %set/v v0x17493d0_0, 8, 4;
    %set/v v0x1749450_0, 1, 1;
    %end;
    .thread T_0;
    .scope S_0x171cf40;
T_1 ;
    %vpi_call 2 16 "$monitor", "$time A=%b,B=%b,C0=%b,S=%b,C4=%b \012", v0x1749350_0, v0x17493d0_0, v0x1749450_0, v0x17495f0_0, v0x1749520_0;
    %end;
    .thread T_1;
# The file index is used to find the file name in the following table.
:file_names 4;
    "N/A";
    "<interactive>";
    "testbench.sv";
    "design.sv";
